<?xml version="1.0" encoding="UTF-8"?>
<!-- Generated by org.testng.reporters.JUnitReportReporter -->
<testsuite skipped="0" hostname="MacBook-Air-Macbook.local" name="test.DynamicLoadingTest" tests="1" failures="0" timestamp="08 мар 2020 17:40:59 GMT" time="6.306" errors="0">
  <testcase name="dynamicLoadingExample2Test" time="6.306" classname="test.DynamicLoadingTest"/>
</testsuite> <!-- test.DynamicLoadingTest -->
