<?xml version="1.0" encoding="UTF-8"?>
<!-- Generated by org.testng.reporters.JUnitReportReporter -->
<testsuite skipped="0" hostname="MacBook-Air-Macbook.local" name="test.HorizontalSliderTest" tests="1" failures="0" timestamp="08 мар 2020 17:40:39 GMT" time="0.943" errors="0">
  <testcase name="horizontalSliderTest" time="0.943" classname="test.HorizontalSliderTest"/>
</testsuite> <!-- test.HorizontalSliderTest -->
