<?xml version="1.0" encoding="UTF-8"?>
<!-- Generated by org.testng.reporters.JUnitReportReporter -->
<testsuite skipped="0" hostname="MacBook-Air-Macbook.local" name="test.HoverTest" tests="1" failures="0" timestamp="08 мар 2020 17:40:54 GMT" time="0.977" errors="0">
  <testcase name="hoverOverTest" time="0.977" classname="test.HoverTest"/>
</testsuite> <!-- test.HoverTest -->
