<?xml version="1.0" encoding="UTF-8"?>
<!-- Generated by org.testng.reporters.JUnitReportReporter -->
<testsuite skipped="0" hostname="MacBook-Air-Macbook.local" name="test.JavaScriptAlertsPageTest" tests="3" failures="0" timestamp="08 мар 2020 17:40:49 GMT" time="2.247" errors="0">
  <testcase name="jsPromptAlertTest" time="0.718" classname="test.JavaScriptAlertsPageTest"/>
  <testcase name="jsAlertAcceptTest" time="0.824" classname="test.JavaScriptAlertsPageTest"/>
  <testcase name="jsConfirmAlertDismissTest" time="0.705" classname="test.JavaScriptAlertsPageTest"/>
</testsuite> <!-- test.JavaScriptAlertsPageTest -->
