<?xml version="1.0" encoding="UTF-8"?>
<!-- Generated by org.testng.reporters.JUnitReportReporter -->
<testsuite skipped="0" hostname="MacBook-Air-Macbook.local" name="test.DropDownPageTest" tests="1" failures="0" timestamp="08 мар 2020 17:40:44 GMT" time="0.898" errors="0">
  <testcase name="dropdownTestPage" time="0.898" classname="test.DropDownPageTest"/>
</testsuite> <!-- test.DropDownPageTest -->
